<?xml version="1.0" encoding="UTF-8"?>
<!-- Generated by org.testng.reporters.JUnitReportReporter -->
<testsuite hostname="DESKTOP-4DT5JI6" failures="0" tests="1" name="testCases.TC001_AccountRegistrationTest" time="4.297" errors="0" timestamp="2025-04-08T16:09:27 IST" skipped="0">
  <testcase classname="testCases.TC001_AccountRegistrationTest" name="Verify_account_registration" time="4.297"/>
</testsuite> <!-- testCases.TC001_AccountRegistrationTest -->
